 
****************************************
Report : area
Design : top
Version: T-2022.03-SP3
Date   : Mon Mar 27 15:30:55 2023
****************************************

Information: Updating design information... (UID-85)
Warning: Design 'top' contains 1 high-fanout nets. A fanout number of 1000 will be used for delay calculations involving these nets. (TIM-134)
Library(s) Used:

    asap7sc7p5t_SIMPLE_RVT_TT_nldm_211120 (File: /filespace/a/arathi4/MS_3_Synthesis/asap7sc7p5t_28/LIB/NLDM/asap7sc7p5t_SIMPLE_RVT_TT_nldm_211120.db)
    asap7sc7p5t_INVBUF_RVT_TT_nldm_211120 (File: /filespace/a/arathi4/MS_3_Synthesis/asap7sc7p5t_28/LIB/NLDM/asap7sc7p5t_INVBUF_RVT_TT_nldm_211120.db)
    asap7sc7p5t_OA_RVT_TT_nldm_211120 (File: /filespace/a/arathi4/MS_3_Synthesis/asap7sc7p5t_28/LIB/NLDM/asap7sc7p5t_OA_RVT_TT_nldm_211120.db)
    asap7sc7p5t_AO_RVT_TT_nldm_211120 (File: /filespace/a/arathi4/MS_3_Synthesis/asap7sc7p5t_28/LIB/NLDM/asap7sc7p5t_AO_RVT_TT_nldm_211120.db)
    asap7sc7p5t_SEQ_RVT_TT_nldm_220123 (File: /filespace/a/arathi4/MS_3_Synthesis/asap7sc7p5t_28/LIB/NLDM/asap7sc7p5t_SEQ_RVT_TT_nldm_220123.db)

Number of ports:                          378
Number of nets:                         30757
Number of cells:                        25843
Number of combinational cells:          24683
Number of sequential cells:              1160
Number of macros/black boxes:               0
Number of buf/inv:                       9319
Number of references:                      21

Combinational area:               2240.377360
Buf/Inv area:                      412.395305
Noncombinational area:             338.255987
Macro/Black Box area:                0.000000
Net Interconnect area:      undefined  (No wire load specified)

Total cell area:                  2578.633347
Total area:                 undefined

Hierarchical area distribution
------------------------------

                                  Global cell area          Local cell area
                                  ------------------  ---------------------------- 
Hierarchical cell                 Absolute   Percent  Combi-     Noncombi-  Black-
                                  Total      Total    national   national   boxes   Design
--------------------------------  ---------  -------  ---------  ---------  ------  ---------
top                               2578.6333    100.0  2240.3774   338.2560  0.0000  top
--------------------------------  ---------  -------  ---------  ---------  ------  ---------
Total                                                 2240.3774   338.2560  0.0000

1
