###############################################################
#  Generated by:      Cadence Innovus 21.14-s109_1
#  OS:                Linux x86_64(Host ID tux-152)
#  Generated on:      Tue Apr 11 18:15:46 2023
#  Design:            top
#  Command:           report_timing > ./reports/post_route.timing.rpt
###############################################################
Path 1: MET Setup Check with Pin n0/w9_reg[20]/CLK 
Endpoint:   n0/w9_reg[20]/D (^) checked with  leading edge of 'clk'
Beginpoint: w49[4]          (v) triggered by  leading edge of 'clk'
Path Groups: {clk}
Analysis View: view_tc
Other End Arrival Time        110.000
- Setup                        13.328
+ Phase Shift                 2000.000
= Required Time               2096.662
- Arrival Time                1587.100
= Slack Time                  509.562
     Clock Rise Edge                      0.000
     + Input Delay                        0.100
     = Beginpoint Arrival Time            0.100
     +-----------------------------------------------------------------------------------------------------------------+ 
     |                 Instance                 |      Arc      |         Cell         |  Delay  |  Arrival | Required | 
     |                                          |               |                      |         |   Time   |   Time   | 
     |------------------------------------------+---------------+----------------------+---------+----------+----------| 
     |                                          | w49[4] v      |                      |         |    0.100 |  509.662 | 
     | U14077                                   | A v -> Y ^    | INVx1_ASAP7_75t_R    |  95.900 |   96.000 |  605.562 | 
     | FE_OFC6_n6478                            | A ^ -> Y ^    | BUFx2_ASAP7_75t_R    |  82.200 |  178.200 |  687.762 | 
     | U24220                                   | B ^ -> Y v    | NOR2xp33_ASAP7_75t_R | 124.300 |  302.500 |  812.062 | 
     | n0/mult_150/S3_2_3                       | CI v -> CON ^ | FAx1_ASAP7_75t_R     |  38.300 |  340.800 |  850.362 | 
     | U14056                                   | A ^ -> Y v    | INVx1_ASAP7_75t_R    |  23.900 |  364.700 |  874.262 | 
     | n0/mult_150/S3_3_3                       | B v -> CON ^  | FAx1_ASAP7_75t_R     |  26.900 |  391.600 |  901.162 | 
     | U14045                                   | A ^ -> Y v    | INVx1_ASAP7_75t_R    |  23.100 |  414.700 |  924.262 | 
     | n0/mult_150/S3_4_3                       | B v -> CON ^  | FAx1_ASAP7_75t_R     |  27.100 |  441.800 |  951.362 | 
     | U14034                                   | A ^ -> Y v    | INVx1_ASAP7_75t_R    |  23.300 |  465.100 |  974.662 | 
     | n0/mult_150/S3_5_3                       | B v -> CON ^  | FAx1_ASAP7_75t_R     |  27.100 |  492.200 | 1001.763 | 
     | U14022                                   | A ^ -> Y v    | INVx1_ASAP7_75t_R    |  23.300 |  515.500 | 1025.062 | 
     | n0/mult_150/S3_6_3                       | B v -> CON ^  | FAx1_ASAP7_75t_R     |  27.700 |  543.200 | 1052.762 | 
     | U14011                                   | A ^ -> Y v    | INVx1_ASAP7_75t_R    |  23.500 |  566.700 | 1076.262 | 
     | n0/mult_150/S3_7_3                       | B v -> CON ^  | FAx1_ASAP7_75t_R     |  27.000 |  593.700 | 1103.262 | 
     | U13999                                   | A ^ -> Y v    | INVx1_ASAP7_75t_R    |  23.200 |  616.900 | 1126.462 | 
     | n0/mult_150/S3_8_3                       | B v -> CON ^  | FAx1_ASAP7_75t_R     |  27.000 |  643.900 | 1153.462 | 
     | U13987                                   | A ^ -> Y v    | INVx1_ASAP7_75t_R    |  23.300 |  667.200 | 1176.762 | 
     | n0/mult_150/S3_9_3                       | B v -> CON ^  | FAx1_ASAP7_75t_R     |  26.700 |  693.900 | 1203.462 | 
     | U13976                                   | A ^ -> Y v    | INVx1_ASAP7_75t_R    |  23.500 |  717.400 | 1226.962 | 
     | n0/mult_150/S3_10_3                      | B v -> CON ^  | FAx1_ASAP7_75t_R     |  27.600 |  745.000 | 1254.562 | 
     | U13964                                   | A ^ -> Y v    | INVx1_ASAP7_75t_R    |  23.900 |  768.900 | 1278.462 | 
     | n0/mult_150/S3_11_3                      | B v -> CON ^  | FAx1_ASAP7_75t_R     |  26.800 |  795.700 | 1305.262 | 
     | U13953                                   | A ^ -> Y v    | INVx1_ASAP7_75t_R    |  23.200 |  818.900 | 1328.463 | 
     | n0/mult_150/S3_12_3                      | B v -> CON ^  | FAx1_ASAP7_75t_R     |  26.800 |  845.700 | 1355.263 | 
     | n0/mult_150/S3_12_3                      | CON ^ -> SN v | FAx1_ASAP7_75t_R     |  19.900 |  865.600 | 1375.163 | 
     | U13952                                   | A v -> Y ^    | INVx1_ASAP7_75t_R    |  20.800 |  886.400 | 1395.963 | 
     | n0/mult_150/S2_13_2                      | CI ^ -> SN ^  | FAx1_ASAP7_75t_R     |  39.900 |  926.300 | 1435.862 | 
     | U13951                                   | A ^ -> Y v    | INVx1_ASAP7_75t_R    |  18.900 |  945.200 | 1454.762 | 
     | n0/mult_150/S2_14_1                      | CI v -> CON ^ | FAx1_ASAP7_75t_R     |  23.000 |  968.200 | 1477.762 | 
     | n0/mult_150/S2_14_1                      | CON ^ -> SN v | FAx1_ASAP7_75t_R     |  18.900 |  987.100 | 1496.662 | 
     | U13950                                   | A v -> Y ^    | INVx1_ASAP7_75t_R    |  20.500 | 1007.600 | 1517.162 | 
     | n0/mult_150/S4_0                         | CI ^ -> SN ^  | FAx1_ASAP7_75t_R     |  46.300 | 1053.900 | 1563.462 | 
     | U21192                                   | B ^ -> Y v    | NOR2xp33_ASAP7_75t_R |  33.400 | 1087.300 | 1596.862 | 
     | U19097                                   | B v -> Y v    | AO21x1_ASAP7_75t_R   |  34.400 | 1121.700 | 1631.262 | 
     | U19096                                   | A v -> Y v    | XNOR2xp5_ASAP7_75t_R |  31.900 | 1153.600 | 1663.162 | 
     | n0/add_2_root_add_0_root_add_150_3/U1_15 | A v -> CON ^  | FAx1_ASAP7_75t_R     |  26.700 | 1180.300 | 1689.862 | 
     | U13945                                   | A ^ -> Y v    | INVx1_ASAP7_75t_R    |  17.700 | 1198.000 | 1707.562 | 
     | n0/add_2_root_add_0_root_add_150_3/U1_16 | CI v -> CON ^ | FAx1_ASAP7_75t_R     |  22.400 | 1220.400 | 1729.962 | 
     | U13934                                   | A ^ -> Y v    | INVx1_ASAP7_75t_R    |  18.100 | 1238.500 | 1748.062 | 
     | n0/add_2_root_add_0_root_add_150_3/U1_17 | CI v -> CON ^ | FAx1_ASAP7_75t_R     |  22.500 | 1261.000 | 1770.562 | 
     | U13925                                   | A ^ -> Y v    | INVx1_ASAP7_75t_R    |  17.900 | 1278.900 | 1788.462 | 
     | n0/add_2_root_add_0_root_add_150_3/U1_18 | CI v -> CON ^ | FAx1_ASAP7_75t_R     |  22.500 | 1301.400 | 1810.962 | 
     | U13919                                   | A ^ -> Y v    | INVx1_ASAP7_75t_R    |  17.700 | 1319.100 | 1828.662 | 
     | n0/add_2_root_add_0_root_add_150_3/U1_19 | CI v -> CON ^ | FAx1_ASAP7_75t_R     |  22.400 | 1341.500 | 1851.062 | 
     | U13915                                   | A ^ -> Y v    | INVx1_ASAP7_75t_R    |  17.900 | 1359.400 | 1868.962 | 
     | n0/add_2_root_add_0_root_add_150_3/U1_20 | CI v -> SN v  | FAx1_ASAP7_75t_R     |  39.700 | 1399.100 | 1908.662 | 
     | U13914                                   | A v -> Y ^    | INVx1_ASAP7_75t_R    |  21.900 | 1421.000 | 1930.562 | 
     | n0/add_0_root_add_0_root_add_150_3/U1_20 | A ^ -> SN ^   | FAx1_ASAP7_75t_R     | 119.900 | 1540.900 | 2050.462 | 
     | U13913                                   | A ^ -> Y v    | INVx1_ASAP7_75t_R    |  28.500 | 1569.400 | 2078.962 | 
     | U5800                                    | A1 v -> Y ^   | OAI22xp5_ASAP7_75t_R |  17.700 | 1587.100 | 2096.662 | 
     | n0/w9_reg[20]                            | D ^           | DFFHQNx1_ASAP7_75t_R |   0.000 | 1587.100 | 2096.662 | 
     +-----------------------------------------------------------------------------------------------------------------+ 

