
Power Net Detected:
        Voltage	    Name
             0V	    VSS
           0.7V	    VDD
Using Power View: view_tc.
Load RC corner of view view_tc

Begin Power Analysis

             0V	    VSS
           0.7V	    VDD

Begin Processing Timing Library for Power Calculation

Begin Processing Timing Library for Power Calculation



Begin Processing Power Net/Grid for Power Calculation

Ended Processing Power Net/Grid for Power Calculation: (cpu=0:00:00, real=0:00:00, mem(process/total/peak)=2996.85MB/5191.15MB/3292.74MB)

Begin Processing Timing Window Data for Power Calculation

clk(500MHz) CK: assigning clock clk to net clk
Ended Processing Timing Window Data for Power Calculation: (cpu=0:00:00, real=0:00:00, mem(process/total/peak)=2998.64MB/5191.15MB/3292.74MB)

Begin Processing User Attributes

Ended Processing User Attributes: (cpu=0:00:00, real=0:00:00, mem(process/total/peak)=2998.64MB/5191.15MB/3292.74MB)

Begin Processing Signal Activity


Starting Levelizing
2023-Apr-11 18:15:45 (2023-Apr-11 23:15:45 GMT)
2023-Apr-11 18:15:45 (2023-Apr-11 23:15:45 GMT): 10%
2023-Apr-11 18:15:45 (2023-Apr-11 23:15:45 GMT): 20%
2023-Apr-11 18:15:45 (2023-Apr-11 23:15:45 GMT): 30%
2023-Apr-11 18:15:45 (2023-Apr-11 23:15:45 GMT): 40%
2023-Apr-11 18:15:45 (2023-Apr-11 23:15:45 GMT): 50%
2023-Apr-11 18:15:45 (2023-Apr-11 23:15:45 GMT): 60%
2023-Apr-11 18:15:45 (2023-Apr-11 23:15:45 GMT): 70%
2023-Apr-11 18:15:45 (2023-Apr-11 23:15:45 GMT): 80%
2023-Apr-11 18:15:45 (2023-Apr-11 23:15:45 GMT): 90%

Finished Levelizing
2023-Apr-11 18:15:45 (2023-Apr-11 23:15:45 GMT)

Starting Activity Propagation
2023-Apr-11 18:15:45 (2023-Apr-11 23:15:45 GMT)
** INFO:  (VOLTUS_POWR-1356): No default input activity has been set. Defaulting to 0.2.
Use 'set_default_switching_activity -input_activity' command to change the default activity value.

2023-Apr-11 18:15:45 (2023-Apr-11 23:15:45 GMT): 10%
2023-Apr-11 18:15:45 (2023-Apr-11 23:15:45 GMT): 20%
2023-Apr-11 18:15:45 (2023-Apr-11 23:15:45 GMT): 30%

Finished Activity Propagation
2023-Apr-11 18:15:46 (2023-Apr-11 23:15:46 GMT)
Ended Processing Signal Activity: (cpu=0:00:00, real=0:00:00, mem(process/total/peak)=2999.79MB/5191.15MB/3292.74MB)

Begin Power Computation

      ----------------------------------------------------------
      # of cell(s) missing both power/leakage table: 0
      # of cell(s) missing power table: 0
      # of cell(s) missing leakage table: 0
      ----------------------------------------------------------



Starting Calculating power
2023-Apr-11 18:15:46 (2023-Apr-11 23:15:46 GMT)
2023-Apr-11 18:15:46 (2023-Apr-11 23:15:46 GMT): 10%
2023-Apr-11 18:15:46 (2023-Apr-11 23:15:46 GMT): 20%
2023-Apr-11 18:15:46 (2023-Apr-11 23:15:46 GMT): 30%
2023-Apr-11 18:15:46 (2023-Apr-11 23:15:46 GMT): 40%
2023-Apr-11 18:15:46 (2023-Apr-11 23:15:46 GMT): 50%
2023-Apr-11 18:15:46 (2023-Apr-11 23:15:46 GMT): 60%
2023-Apr-11 18:15:46 (2023-Apr-11 23:15:46 GMT): 70%
2023-Apr-11 18:15:46 (2023-Apr-11 23:15:46 GMT): 80%
2023-Apr-11 18:15:46 (2023-Apr-11 23:15:46 GMT): 90%

Finished Calculating power
2023-Apr-11 18:15:46 (2023-Apr-11 23:15:46 GMT)
      # of MSMV cell(s) missing power_level: 0
Ended Power Computation: (cpu=0:00:01, real=0:00:00, mem(process/total/peak)=3007.14MB/5279.18MB/3292.74MB)

Begin Processing User Attributes

Ended Processing User Attributes: (cpu=0:00:00, real=0:00:00, mem(process/total/peak)=3007.14MB/5279.18MB/3292.74MB)

Ended Power Analysis: (cpu=0:00:02, real=0:00:01, mem(process/total/peak)=3007.14MB/5279.18MB/3292.74MB)

Begin Boundary Leakage Calculation
Ended Boundary Leakage Calculation: (cpu=0:00:00, real=0:00:00,
mem(process/total/peak)=3007.14MB/5279.18MB/3292.74MB)
Begin Static Power Report Generation
*----------------------------------------------------------------------------------------
*	Innovus 21.14-s109_1 (64bit) 06/29/2022 09:53 (Linux 3.10.0-693.el7.x86_64)
*	
*
* 	Date & Time:	2023-Apr-11 18:15:46 (2023-Apr-11 23:15:46 GMT)
*
*----------------------------------------------------------------------------------------
*
*	Design: top
*
*	Liberty Libraries used:
*	        view_tc: ./asap7sc7p5t_28/LIB/NLDM/asap7sc7p5t_AO_RVT_TT_nldm_211120.lib
*	        view_tc: ./asap7sc7p5t_28/LIB/NLDM/asap7sc7p5t_INVBUF_RVT_TT_nldm_220122.lib
*	        view_tc: ./asap7sc7p5t_28/LIB/NLDM/asap7sc7p5t_OA_RVT_TT_nldm_211120.lib
*	        view_tc: ./asap7sc7p5t_28/LIB/NLDM/asap7sc7p5t_SEQ_RVT_TT_nldm_220123.lib
*	        view_tc: ./asap7sc7p5t_28/LIB/NLDM/asap7sc7p5t_SIMPLE_RVT_TT_nldm_211120.lib
*
*	Parasitic Files used:
*
*       Power View : view_tc
*
*       User-Defined Activity : N.A.
*
*       Activity File: N.A.
*
*       Hierarchical Global Activity: N.A.
*
*       Global Activity: N.A.
*
*       Sequential Element Activity: 0.200000
*
*       Primary Input Activity: 0.200000
*
*       Default icg ratio: N.A.
*
*       Global Comb ClockGate Ratio: N.A.
*
*	Power Units = 1mW
*
*	Time Units = 1e-12 secs
*
*       report_power
*
-----------------------------------------------------------------------------------------
*



Total Power
-----------------------------------------------------------------------------------------
Total Internal Power:        2.18240100 	   43.3095%
Total Switching Power:       2.85418806 	   56.6411%
Total Leakage Power:         0.00249086 	    0.0494%
Total Power:                 5.03907992
-----------------------------------------------------------------------------------------


Group                           Internal   Switching     Leakage       Total  Percentage 
                                Power      Power         Power         Power  (%)        
-----------------------------------------------------------------------------------------
Sequential                        0.7816     0.09002   0.0002665      0.8718        17.3
Macro                                  0           0           0           0           0
IO                                     0           0           0           0           0
Combinational                      1.306        2.57    0.002196       3.878       76.96
Clock (Combinational)            0.09501      0.1942   2.783e-05      0.2893        5.74
Clock (Sequential)                     0           0           0           0           0
-----------------------------------------------------------------------------------------
Total                              2.182       2.854    0.002491       5.039         100
-----------------------------------------------------------------------------------------


Rail                  Voltage   Internal   Switching     Leakage       Total  Percentage 
                                Power      Power         Power         Power  (%)        
-----------------------------------------------------------------------------------------
VDD                       0.7      2.182       2.854    0.002491       5.039         100


Clock                           Internal   Switching     Leakage       Total  Percentage 
                                Power      Power         Power         Power  (%)        
-----------------------------------------------------------------------------------------
clk                              0.09501      0.1942   2.783e-05      0.2893        5.74
-----------------------------------------------------------------------------------------
Total                            0.09501      0.1942   2.783e-05      0.2893        5.74
-----------------------------------------------------------------------------------------
Clock: clk
Clock Period: 0.002000 usec 
Clock Toggle Rate:   999.9999 Mhz 
Clock Static Probability:  0.5000
  
 
 
-----------------------------------------------------------------------------------------
*	Power Distribution Summary: 
*              Highest Average Power:       CTS_ccl_a_buf_00019 (BUFx24_ASAP7_75t_R):          0.01395
*              Highest Leakage Power:       CTS_ccl_a_buf_00019 (BUFx24_ASAP7_75t_R):        1.432e-06
*                Total Cap:      5.25565e-11 F
*                Total instances in design: 25574
*                Total instances in design with no power:     0
*                Total instances in design with no activty:     0

*                Total Fillers and Decap:     0
-----------------------------------------------------------------------------------------
 
** INFO:  (VOLTUS_POWR-3465): There are 0 decaps and 0 fillers in the design

Ended Static Power Report Generation: (cpu=0:00:00, real=0:00:00,
mem(process/total/peak)=3011.42MB/5279.18MB/3292.74MB)

